2023-07-08 00:37:26.193 [info] Log level: Info
2023-07-08 00:37:26.193 [info] Validating found git in: "git"
2023-07-08 00:37:26.193 [info] Using git "2.41.0" from "git"
2023-07-08 00:37:35.433 [info] Log level: Info
2023-07-08 00:37:35.433 [info] Validating found git in: "git"
2023-07-08 00:37:35.433 [info] Using git "2.41.0" from "git"
2023-07-08 00:37:35.433 [info] > git rev-parse --show-toplevel [3ms]
2023-07-08 00:37:35.434 [info] > git rev-parse --git-dir --git-common-dir [2ms]
2023-07-08 00:37:35.440 [info] Open repository: /home/canopy/dev/esolang-dev
2023-07-08 00:37:35.455 [info] > git config --get commit.template [2ms]
2023-07-08 00:37:35.455 [info] > git rev-parse --show-toplevel [10ms]
2023-07-08 00:37:35.460 [info] > git rev-parse --show-toplevel [1ms]
2023-07-08 00:37:35.468 [info] > git rev-parse --show-toplevel [5ms]
2023-07-08 00:37:35.471 [info] > git for-each-ref --format=%(refname)%00%(upstream:short)%00%(objectname)%00%(upstream:track)%00%(upstream:remotename)%00%(upstream:remoteref) refs/heads/dev refs/remotes/dev [3ms]
2023-07-08 00:37:35.476 [info] > git status -z -uall [1ms]
2023-07-08 00:37:35.488 [info] > git config --get commit.template [1ms]
2023-07-08 00:37:35.492 [info] > git for-each-ref --format=%(refname)%00%(upstream:short)%00%(objectname)%00%(upstream:track)%00%(upstream:remotename)%00%(upstream:remoteref) refs/heads/dev refs/remotes/dev [1ms]
2023-07-08 00:37:35.496 [info] > git status -z -uall [1ms]
2023-07-08 00:37:35.960 [info] > git check-ignore -v -z --stdin [1ms]
2023-07-08 00:37:46.469 [info] > git check-ignore -v -z --stdin [0ms]
2023-07-08 00:37:52.575 [info] > git show --textconv :src/App.css [4ms]
2023-07-08 00:37:52.576 [info] > git ls-files --stage -- /home/canopy/dev/esolang-dev/src/App.css [2ms]
2023-07-08 00:37:52.579 [info] > git cat-file -s 08bc084654c7b4bc8844535c121a5c535b05cfb9 [1ms]
2023-07-08 00:37:52.991 [info] > git show --textconv :src/App.jsx [7ms]
2023-07-08 00:37:52.992 [info] > git ls-files --stage -- /home/canopy/dev/esolang-dev/src/App.jsx [1ms]
2023-07-08 00:37:52.999 [info] > git cat-file -s 3e806209d9dec0cb8747d646cec208e83efc4e86 [1ms]
2023-07-08 00:38:56.719 [info] > git show --textconv :.vscode/launch.json [3ms]
2023-07-08 00:38:56.720 [info] > git ls-files --stage -- /home/canopy/dev/esolang-dev/.vscode/launch.json [1ms]
2023-07-08 00:38:56.726 [info] > git cat-file -s f6b35a0b639d037c20e30a924f2df13e783620c5 [1ms]
2023-07-08 00:38:57.003 [info] > git check-ignore -v -z --stdin [2ms]
2023-07-08 00:40:25.365 [info] > git check-ignore -v -z --stdin [2ms]
2023-07-08 00:40:25.667 [info] > git config --get commit.template [5ms]
2023-07-08 00:40:25.668 [info] > git for-each-ref --format=%(refname)%00%(upstream:short)%00%(objectname)%00%(upstream:track)%00%(upstream:remotename)%00%(upstream:remoteref) refs/heads/dev refs/remotes/dev [2ms]
2023-07-08 00:40:25.672 [info] > git status -z -uall [1ms]
2023-07-08 00:40:32.558 [info] > git config --get commit.template [0ms]
2023-07-08 00:40:32.563 [info] > git for-each-ref --format=%(refname)%00%(upstream:short)%00%(objectname)%00%(upstream:track)%00%(upstream:remotename)%00%(upstream:remoteref) refs/heads/dev refs/remotes/dev [1ms]
2023-07-08 00:40:32.568 [info] > git status -z -uall [1ms]
2023-07-08 00:44:25.072 [info] > git config --get commit.template [4ms]
2023-07-08 00:44:25.074 [info] > git for-each-ref --format=%(refname)%00%(upstream:short)%00%(objectname)%00%(upstream:track)%00%(upstream:remotename)%00%(upstream:remoteref) refs/heads/dev refs/remotes/dev [2ms]
2023-07-08 00:44:25.079 [info] > git status -z -uall [2ms]
2023-07-08 00:44:25.399 [info] > git show --textconv :src/App.css [3ms]
2023-07-08 00:44:25.400 [info] > git ls-files --stage -- /home/canopy/dev/esolang-dev/src/App.css [1ms]
2023-07-08 00:44:25.404 [info] > git cat-file -s 08bc084654c7b4bc8844535c121a5c535b05cfb9 [1ms]
2023-07-08 00:44:50.557 [info] > git check-ignore -v -z --stdin [1ms]
2023-07-08 00:44:51.083 [info] > git ls-files --stage -- /home/canopy/dev/esolang-dev/src/interpreter_engine/alphabeta_constants.js [1ms]
2023-07-08 00:44:51.087 [info] > git show --textconv :src/interpreter_engine/alphabeta_constants.js [8ms]
2023-07-08 00:44:51.088 [info] > git cat-file -s d0a166529acd3f568f7e145525a47452c3f2ab4f [2ms]
2023-07-08 00:44:52.072 [info] > git show --textconv :src/interpreter_engine/brainfuck_constants.js [3ms]
2023-07-08 00:44:52.072 [info] > git ls-files --stage -- /home/canopy/dev/esolang-dev/src/interpreter_engine/brainfuck_constants.js [1ms]
2023-07-08 00:44:52.077 [info] > git cat-file -s 9c3ecfc1bf606ebd377b5a1a412081ff124af3a9 [1ms]
2023-07-08 00:44:52.634 [info] > git show --textconv :src/interpreter_engine/cortlang.js [4ms]
2023-07-08 00:44:52.635 [info] > git ls-files --stage -- /home/canopy/dev/esolang-dev/src/interpreter_engine/cortlang.js [1ms]
2023-07-08 00:44:52.639 [info] > git cat-file -s ce69cb67808dca8d83c11dc5e7d2202867623322 [0ms]
2023-07-08 00:44:53.180 [info] > git show --textconv :src/interpreter_engine/deadsimple.js [7ms]
2023-07-08 00:44:53.181 [info] > git ls-files --stage -- /home/canopy/dev/esolang-dev/src/interpreter_engine/deadsimple.js [1ms]
2023-07-08 00:44:53.185 [info] > git cat-file -s f6dc641b1dceb56bb5ee7bd4b15cba78f8be6fca [1ms]
2023-07-08 00:44:53.683 [info] > git show --textconv :src/interpreter_engine/brainfuck_constants.js [5ms]
2023-07-08 00:44:53.684 [info] > git ls-files --stage -- /home/canopy/dev/esolang-dev/src/interpreter_engine/brainfuck_constants.js [1ms]
2023-07-08 00:44:53.688 [info] > git cat-file -s 9c3ecfc1bf606ebd377b5a1a412081ff124af3a9 [1ms]
2023-07-08 00:44:54.021 [info] > git show --textconv :src/interpreter_engine/alphabeta_constants.js [4ms]
2023-07-08 00:44:54.021 [info] > git ls-files --stage -- /home/canopy/dev/esolang-dev/src/interpreter_engine/alphabeta_constants.js [1ms]
2023-07-08 00:44:54.026 [info] > git cat-file -s d0a166529acd3f568f7e145525a47452c3f2ab4f [0ms]
2023-07-08 00:44:55.120 [info] > git check-ignore -v -z --stdin [1ms]
2023-07-08 00:45:02.731 [info] > git show --textconv :src/interpreter_engine/alphabeta.js [4ms]
2023-07-08 00:45:02.732 [info] > git ls-files --stage -- /home/canopy/dev/esolang-dev/src/interpreter_engine/alphabeta.js [1ms]
2023-07-08 00:45:02.737 [info] > git cat-file -s 3617a31c4a1a9ffe09fe22f488406e17942dd2ee [1ms]
2023-07-08 00:45:15.322 [info] > git show --textconv :src/App.css [3ms]
2023-07-08 00:45:15.323 [info] > git ls-files --stage -- /home/canopy/dev/esolang-dev/src/App.css [1ms]
2023-07-08 00:45:15.326 [info] > git cat-file -s 08bc084654c7b4bc8844535c121a5c535b05cfb9 [0ms]
2023-07-08 00:54:26.579 [info] > git show --textconv :src/components/Debugger/Debugger.jsx [4ms]
2023-07-08 00:54:26.581 [info] > git ls-files --stage -- /home/canopy/dev/esolang-dev/src/components/Debugger/Debugger.jsx [5ms]
2023-07-08 00:54:26.585 [info] > git cat-file -s abc959523b146e83a42dad46c7c598cabb4f64a2 [1ms]
2023-07-08 00:54:26.929 [info] > git check-ignore -v -z --stdin [2ms]
2023-07-08 01:01:47.609 [info] > git config --get commit.template [3ms]
2023-07-08 01:01:47.610 [info] > git for-each-ref --format=%(refname)%00%(upstream:short)%00%(objectname)%00%(upstream:track)%00%(upstream:remotename)%00%(upstream:remoteref) refs/heads/dev refs/remotes/dev [2ms]
2023-07-08 01:01:47.614 [info] > git status -z -uall [2ms]
2023-07-08 01:04:28.596 [info] > git config --get commit.template [6ms]
2023-07-08 01:04:28.597 [info] > git for-each-ref --format=%(refname)%00%(upstream:short)%00%(objectname)%00%(upstream:track)%00%(upstream:remotename)%00%(upstream:remoteref) refs/heads/dev refs/remotes/dev [1ms]
2023-07-08 01:04:28.602 [info] > git status -z -uall [1ms]
